# JRE version: Java(TM) SE Runtime Environment (8.0_231-b11) (build 1.8.0_231-b11)
# Java VM: Java HotSpot(TM) 64-Bit Server VM (25.231-b11 mixed mode windows-amd64 compressed oops)
Heap:
 PSYoungGen      total 356352K, used 212764K [0x00000000d5d00000, 0x00000000ec400000, 0x0000000100000000)
  eden space 345088K, 61% used [0x00000000d5d00000,0x00000000e2cc71e0,0x00000000eae00000)
  from space 11264K, 0% used [0x00000000eb900000,0x00000000eb900000,0x00000000ec400000)
  to   space 11264K, 0% used [0x00000000eae00000,0x00000000eae00000,0x00000000eb900000)
 ParOldGen       total 117760K, used 22186K [0x0000000081600000, 0x0000000088900000, 0x00000000d5d00000)
  object space 117760K, 18% used [0x0000000081600000,0x0000000082baaaa0,0x0000000088900000)
 Metaspace       used 68929K, capacity 73840K, committed 74240K, reserved 1114112K
  class space    used 9426K, capacity 10420K, committed 10496K, reserved 1048576K
GC Heap History (10 events):
Event: 527.670 GC heap before
{Heap before GC invocations=34 (full 12):
 PSYoungGen      total 356352K, used 4858K [0x00000000d5d00000, 0x00000000ec500000, 0x0000000100000000)
  eden space 345088K, 0% used [0x00000000d5d00000,0x00000000d5d00000,0x00000000eae00000)
  from space 11264K, 43% used [0x00000000eba00000,0x00000000ebebe970,0x00000000ec500000)
  to   space 11776K, 0% used [0x00000000eae00000,0x00000000eae00000,0x00000000eb980000)
 ParOldGen       total 117760K, used 21781K [0x0000000081600000, 0x0000000088900000, 0x00000000d5d00000)
  object space 117760K, 18% used [0x0000000081600000,0x0000000082b45690,0x0000000088900000)
 Metaspace       used 60989K, capacity 65124K, committed 65408K, reserved 1105920K
  class space    used 8198K, capacity 9011K, committed 9088K, reserved 1048576K
Event: 527.797 GC heap after
Heap after GC invocations=34 (full 12):
 PSYoungGen      total 356352K, used 0K [0x00000000d5d00000, 0x00000000ec500000, 0x0000000100000000)
  eden space 345088K, 0% used [0x00000000d5d00000,0x00000000d5d00000,0x00000000eae00000)
  from space 11264K, 0% used [0x00000000eba00000,0x00000000eba00000,0x00000000ec500000)
  to   space 11776K, 0% used [0x00000000eae00000,0x00000000eae00000,0x00000000eb980000)
 ParOldGen       total 117760K, used 21909K [0x0000000081600000, 0x0000000088900000, 0x00000000d5d00000)
  object space 117760K, 18% used [0x0000000081600000,0x0000000082b656e8,0x0000000088900000)
 Metaspace       used 60986K, capacity 65118K, committed 65408K, reserved 1105920K
  class space    used 8197K, capacity 9009K, committed 9088K, reserved 1048576K
}
Event: 535.306 GC heap before
{Heap before GC invocations=35 (full 12):
 PSYoungGen      total 356352K, used 167517K [0x00000000d5d00000, 0x00000000ec500000, 0x0000000100000000)
  eden space 345088K, 48% used [0x00000000d5d00000,0x00000000e0097760,0x00000000eae00000)
  from space 11264K, 0% used [0x00000000eba00000,0x00000000eba00000,0x00000000ec500000)
  to   space 11776K, 0% used [0x00000000eae00000,0x00000000eae00000,0x00000000eb980000)
 ParOldGen       total 117760K, used 21909K [0x0000000081600000, 0x0000000088900000, 0x00000000d5d00000)
  object space 117760K, 18% used [0x0000000081600000,0x0000000082b656e8,0x0000000088900000)
 Metaspace       used 61114K, capacity 65316K, committed 65408K, reserved 1105920K
  class space    used 8210K, capacity 9051K, committed 9088K, reserved 1048576K
Event: 535.311 GC heap after
Heap after GC invocations=35 (full 12):
 PSYoungGen      total 350208K, used 4902K [0x00000000d5d00000, 0x00000000ec400000, 0x0000000100000000)
  eden space 345088K, 0% used [0x00000000d5d00000,0x00000000d5d00000,0x00000000eae00000)
  from space 5120K, 95% used [0x00000000eae00000,0x00000000eb2c9a08,0x00000000eb300000)
  to   space 11264K, 0% used [0x00000000eb900000,0x00000000eb900000,0x00000000ec400000)
 ParOldGen       total 117760K, used 21917K [0x0000000081600000, 0x0000000088900000, 0x00000000d5d00000)
  object space 117760K, 18% used [0x0000000081600000,0x0000000082b676e8,0x0000000088900000)
 Metaspace       used 61114K, capacity 65316K, committed 65408K, reserved 1105920K
  class space    used 8210K, capacity 9051K, committed 9088K, reserved 1048576K
}
Event: 535.311 GC heap before
{Heap before GC invocations=36 (full 13):
 PSYoungGen      total 350208K, used 4902K [0x00000000d5d00000, 0x00000000ec400000, 0x0000000100000000)
  eden space 345088K, 0% used [0x00000000d5d00000,0x00000000d5d00000,0x00000000eae00000)
  from space 5120K, 95% used [0x00000000eae00000,0x00000000eb2c9a08,0x00000000eb300000)
  to   space 11264K, 0% used [0x00000000eb900000,0x00000000eb900000,0x00000000ec400000)
 ParOldGen       total 117760K, used 21917K [0x0000000081600000, 0x0000000088900000, 0x00000000d5d00000)
  object space 117760K, 18% used [0x0000000081600000,0x0000000082b676e8,0x0000000088900000)
 Metaspace       used 61114K, capacity 65316K, committed 65408K, reserved 1105920K
  class space    used 8210K, capacity 9051K, committed 9088K, reserved 1048576K
Event: 535.416 GC heap after
Heap after GC invocations=36 (full 13):
 PSYoungGen      total 350208K, used 0K [0x00000000d5d00000, 0x00000000ec400000, 0x0000000100000000)
  eden space 345088K, 0% used [0x00000000d5d00000,0x00000000d5d00000,0x00000000eae00000)
  from space 5120K, 0% used [0x00000000eae00000,0x00000000eae00000,0x00000000eb300000)
  to   space 11264K, 0% used [0x00000000eb900000,0x00000000eb900000,0x00000000ec400000)
 ParOldGen       total 117760K, used 22048K [0x0000000081600000, 0x0000000088900000, 0x00000000d5d00000)
  object space 117760K, 18% used [0x0000000081600000,0x0000000082b883b8,0x0000000088900000)
 Metaspace       used 61112K, capacity 65310K, committed 65408K, reserved 1105920K
  class space    used 8209K, capacity 9049K, committed 9088K, reserved 1048576K
}
Event: 540.398 GC heap before
{Heap before GC invocations=37 (full 13):
 PSYoungGen      total 350208K, used 165438K [0x00000000d5d00000, 0x00000000ec400000, 0x0000000100000000)
  eden space 345088K, 47% used [0x00000000d5d00000,0x00000000dfe8fbf8,0x00000000eae00000)
  from space 5120K, 0% used [0x00000000eae00000,0x00000000eae00000,0x00000000eb300000)
  to   space 11264K, 0% used [0x00000000eb900000,0x00000000eb900000,0x00000000ec400000)
 ParOldGen       total 117760K, used 22048K [0x0000000081600000, 0x0000000088900000, 0x00000000d5d00000)
  object space 117760K, 18% used [0x0000000081600000,0x0000000082b883b8,0x0000000088900000)
 Metaspace       used 61329K, capacity 65632K, committed 65792K, reserved 1105920K
  class space    used 8234K, capacity 9113K, committed 9216K, reserved 1048576K
Event: 540.411 GC heap after
Heap after GC invocations=37 (full 13):
 PSYoungGen      total 356352K, used 4904K [0x00000000d5d00000, 0x00000000ec400000, 0x0000000100000000)
  eden space 345088K, 0% used [0x00000000d5d00000,0x00000000d5d00000,0x00000000eae00000)
  from space 11264K, 43% used [0x00000000eb900000,0x00000000ebdca078,0x00000000ec400000)
  to   space 11264K, 0% used [0x00000000eae00000,0x00000000eae00000,0x00000000eb900000)
 ParOldGen       total 117760K, used 22056K [0x0000000081600000, 0x0000000088900000, 0x00000000d5d00000)
  object space 117760K, 18% used [0x0000000081600000,0x0000000082b8a3b8,0x0000000088900000)
 Metaspace       used 61329K, capacity 65632K, committed 65792K, reserved 1105920K
  class space    used 8234K, capacity 9113K, committed 9216K, reserved 1048576K
}
Event: 540.411 GC heap before
{Heap before GC invocations=38 (full 14):
 PSYoungGen      total 356352K, used 4904K [0x00000000d5d00000, 0x00000000ec400000, 0x0000000100000000)
  eden space 345088K, 0% used [0x00000000d5d00000,0x00000000d5d00000,0x00000000eae00000)
  from space 11264K, 43% used [0x00000000eb900000,0x00000000ebdca078,0x00000000ec400000)
  to   space 11264K, 0% used [0x00000000eae00000,0x00000000eae00000,0x00000000eb900000)
 ParOldGen       total 117760K, used 22056K [0x0000000081600000, 0x0000000088900000, 0x00000000d5d00000)
  object space 117760K, 18% used [0x0000000081600000,0x0000000082b8a3b8,0x0000000088900000)
 Metaspace       used 61329K, capacity 65632K, committed 65792K, reserved 1105920K
  class space    used 8234K, capacity 9113K, committed 9216K, reserved 1048576K
Event: 540.565 GC heap after
Heap after GC invocations=38 (full 14):
 PSYoungGen      total 356352K, used 0K [0x00000000d5d00000, 0x00000000ec400000, 0x0000000100000000)
  eden space 345088K, 0% used [0x00000000d5d00000,0x00000000d5d00000,0x00000000eae00000)
  from space 11264K, 0% used [0x00000000eb900000,0x00000000eb900000,0x00000000ec400000)
  to   space 11264K, 0% used [0x00000000eae00000,0x00000000eae00000,0x00000000eb900000)
 ParOldGen       total 117760K, used 22186K [0x0000000081600000, 0x0000000088900000, 0x00000000d5d00000)
  object space 117760K, 18% used [0x0000000081600000,0x0000000082baaaa0,0x0000000088900000)
 Metaspace       used 61326K, capacity 65626K, committed 65792K, reserved 1105920K
  class space    used 8234K, capacity 9111K, committed 9216K, reserved 1048576K
}

